<?xml version="1.0" encoding="UTF-8"?>
<!-- Generated by org.testng.reporters.JUnitXMLReporter -->
<testsuite hostname="LAPTOP-TJKKK52O" ignored="0" name="USER LOGIN" tests="1" failures="0" timestamp="2021-06-09T14:37:19 IST" time="10.677" errors="0">
  <testcase name="@AfterTest afterTest" time="0.764" classname="resource.BaseTest">
    <failure type="java.lang.AssertionError" message="The following asserts failed:
	Test Name Failed : USER LOGIN
Failed while Validating  : Failing of Assertion
Class Failed : com.Docker.Selenium_Docker.LoginTest
 METHOD FAILED  : Login_Test
 IN Line number : 37
Assertion Fail in URL : https://demo.openmrs.org/openmrs/referenceapplication/home.page
 Failure Message  : Why are you failing expected [true] but found [false]">
      <![CDATA[java.lang.AssertionError: The following asserts failed:
Test Name Failed : USER LOGIN
Failed while Validating  : Failing of Assertion
Class Failed : com.Docker.Selenium_Docker.LoginTest
 METHOD FAILED  : Login_Test
 IN Line number : 37
Assertion Fail in URL : https://demo.openmrs.org/openmrs/referenceapplication/home.page
 Failure Message  : Why are you failing expected [true] but found [false]
at resource.BaseTest.afterTest(BaseTest.java:52)
... Removed 26 stack frames]]>
    </failure>
  </testcase> <!-- @AfterTest afterTest -->
  <testcase name="Login_Test" time="6.602" classname="com.Docker.Selenium_Docker.LoginTest"/>
</testsuite> <!-- USER LOGIN -->
